#
# There is insufficient memory for the Java Runtime Environment to continue.
# Native memory allocation (malloc) failed to allocate 825376 bytes for Chunk::new
# Possible reasons:
#   The system is out of physical RAM or swap space
#   The process is running with CompressedOops enabled, and the Java Heap may be blocking the growth of the native heap
# Possible solutions:
#   Reduce memory load on the system
#   Increase physical memory or swap space
#   Check if swap backing store is full
#   Decrease Java heap size (-Xmx/-Xms)
#   Decrease number of Java threads
#   Decrease Java thread stack sizes (-Xss)
#   Set larger code cache with -XX:ReservedCodeCacheSize=
#   JVM is running with Zero Based Compressed Oops mode in which the Java heap is
#     placed in the first 32GB address space. The Java Heap base address is the
#     maximum limit for the native heap growth. Please use -XX:HeapBaseMinAddress
#     to set the Java Heap base and to place the Java Heap above 32GB virtual address.
# This output file may be truncated or incomplete.
#
#  Out of Memory Error (allocation.cpp:389), pid=13536, tid=0x00000000000078a0
#
# JRE version: Java(TM) SE Runtime Environment (8.0_211-b12) (build 1.8.0_211-b12)
# Java VM: Java HotSpot(TM) 64-Bit Server VM (25.211-b12 mixed mode windows-amd64 compressed oops)
# Failed to write core dump. Minidumps are not enabled by default on client versions of Windows
#

---------------  T H R E A D  ---------------

Current thread (0x000000001d8ee000):  JavaThread "C2 CompilerThread0" daemon [_thread_in_native, id=30880, stack(0x000000001dc90000,0x000000001dd90000)]

Stack: [0x000000001dc90000,0x000000001dd90000]
[error occurred during error reporting (printing stack bounds), id 0xc0000005]

Native frames: (J=compiled Java code, j=interpreted, Vv=VM code, C=native code)


Current CompileTask:
C2:   4264 3386       4       org.springframework.beans.factory.support.AbstractBeanFactory::isTypeMatch (607 bytes)


---------------  P R O C E S S  ---------------

Java Threads: ( => current thread )
  0x000000001f855800 JavaThread "Statistics Thread-__DEFAULT__-1" daemon [_thread_blocked, id=28244, stack(0x00000000257e0000,0x00000000258e0000)]
  0x000000002210b800 JavaThread "__DEFAULT__" daemon [_thread_blocked, id=29776, stack(0x0000000024650000,0x0000000024750000)]
  0x0000000021183800 JavaThread "container-0" [_thread_blocked, id=28360, stack(0x0000000024350000,0x0000000024450000)]
  0x00000000215d5000 JavaThread "Catalina-utility-2" [_thread_blocked, id=4216, stack(0x0000000024250000,0x0000000024350000)]
  0x0000000021a8a000 JavaThread "Catalina-utility-1" [_thread_blocked, id=3864, stack(0x00000000201e0000,0x00000000202e0000)]
  0x000000001da20800 JavaThread "Service Thread" daemon [_thread_blocked, id=28708, stack(0x000000001df90000,0x000000001e090000)]
  0x000000001d97f000 JavaThread "C1 CompilerThread2" daemon [_thread_blocked, id=27352, stack(0x000000001de90000,0x000000001df90000)]
  0x000000001d8ee800 JavaThread "C2 CompilerThread1" daemon [_thread_in_native, id=14832, stack(0x000000001dd90000,0x000000001de90000)]
=>0x000000001d8ee000 JavaThread "C2 CompilerThread0" daemon [_thread_in_native, id=30880, stack(0x000000001dc90000,0x000000001dd90000)]
  0x000000001d985000 JavaThread "Monitor Ctrl-Break" daemon [_thread_in_native, id=28520, stack(0x000000001db90000,0x000000001dc90000)]
  0x000000001c138800 JavaThread "Attach Listener" daemon [_thread_blocked, id=10992, stack(0x000000001d690000,0x000000001d790000)]
  0x000000001c137000 JavaThread "Signal Dispatcher" daemon [_thread_blocked, id=29700, stack(0x000000001d590000,0x000000001d690000)]
  0x0000000002add800 JavaThread "Finalizer" daemon [_thread_blocked, id=16884, stack(0x000000001d390000,0x000000001d490000)]
  0x0000000002ad5000 JavaThread "Reference Handler" daemon [_thread_blocked, id=22004, stack(0x000000001d290000,0x000000001d390000)]
  0x00000000029e4800 JavaThread "main" [_thread_in_native, id=28952, stack(0x0000000002690000,0x0000000002790000)]

Other Threads:
  0x000000001c0f7800 VMThread [stack: 0x000000001d190000,0x000000001d290000] [id=26972]
  0x000000001da73000 WatcherThread [stack: 0x000000001e090000,0x000000001e190000] [id=22288]

VM state:not at safepoint (normal execution)

VM Mutex/Monitor currently owned by a thread: None

heap address: 0x00000006c0e00000, size: 4082 MB, Compressed Oops mode: Zero based, Oop shift amount: 3
Narrow klass base: 0x0000000000000000, Narrow klass shift: 3
Compressed class space size: 1073741824 Address: 0x00000007c0000000

Heap:
 PSYoungGen      total 126464K, used 22754K [0x000000076af80000, 0x0000000774280000, 0x00000007c0000000)
  eden space 115712K, 19% used [0x000000076af80000,0x000000076c5b8ab8,0x0000000772080000)
  from space 10752K, 0% used [0x0000000772d80000,0x0000000772d80000,0x0000000773800000)
  to   space 8704K, 0% used [0x0000000773a00000,0x0000000773a00000,0x0000000774280000)
 ParOldGen       total 119296K, used 13603K [0x00000006c0e00000, 0x00000006c8280000, 0x000000076af80000)
  object space 119296K, 11% used [0x00000006c0e00000,0x00000006c1b48f40,0x00000006c8280000)
 Metaspace       used 34405K, capacity 36324K, committed 36568K, reserved 1083392K
  class space    used 4454K, capacity 4791K, committed 4864K, reserved 1048576K

Card table byte_map: [0x0000000011ea0000,0x00000000126a0000] byte_map_base: 0x000000000e899000

Marking Bits: (ParMarkBitMap*) 0x000000006e295ce0
 Begin Bits: [0x0000000013000000, 0x0000000016fc8000)
 End Bits:   [0x0000000016fc8000, 0x000000001af90000)

Polling page: 0x0000000001050000

CodeCache: size=245760Kb used=11798Kb max_used=11810Kb free=233961Kb
 bounds [0x0000000002ae0000, 0x0000000003680000, 0x0000000011ae0000]
 total_blobs=3842 nmethods=3399 adapters=355
 compilation: enabled

Compilation events (10 events):
Event: 4.238 Thread 0x000000001d97f000 3403   !   3       org.springframework.core.annotation.AnnotationsScanner::processClassHierarchy (227 bytes)
Event: 4.239 Thread 0x000000001d97f000 nmethod 3403 0x0000000003657190 code [0x0000000003657400, 0x0000000003658388]
Event: 4.239 Thread 0x000000001d97f000 3401       3       java.util.Optional::empty (6 bytes)
Event: 4.239 Thread 0x000000001d97f000 nmethod 3401 0x0000000003656e90 code [0x0000000003656fe0, 0x0000000003657110]
Event: 4.239 Thread 0x000000001d97f000 3402   !   3       com.sun.proxy.$Proxy17::annotationType (29 bytes)
Event: 4.239 Thread 0x000000001d97f000 nmethod 3402 0x00000000036607d0 code [0x0000000003660960, 0x0000000003660d98]
Event: 4.239 Thread 0x000000001d8ee800 nmethod 3394 0x0000000003665a50 code [0x0000000003665be0, 0x0000000003666278]
Event: 4.239 Thread 0x000000001d8ee800 3397   !   4       org.springframework.core.annotation.AnnotationsScanner::processMethodHierarchy (276 bytes)
Event: 4.243 Thread 0x000000001d97f000 3406       3       jdk.internal.org.objectweb.asm.MethodVisitor::visitEnd (15 bytes)
Event: 4.243 Thread 0x000000001d97f000 nmethod 3406 0x00000000036655d0 code [0x0000000003665740, 0x00000000036659a8]

GC Heap History (10 events):
Event: 1.865 GC heap before
{Heap before GC invocations=3 (full 0):
 PSYoungGen      total 76288K, used 12849K [0x000000076af80000, 0x0000000774480000, 0x00000007c0000000)
  eden space 65536K, 3% used [0x000000076af80000,0x000000076b194438,0x000000076ef80000)
  from space 10752K, 99% used [0x000000076fa00000,0x00000007704782d8,0x0000000770480000)
  to   space 10752K, 0% used [0x000000076ef80000,0x000000076ef80000,0x000000076fa00000)
 ParOldGen       total 175104K, used 585K [0x00000006c0e00000, 0x00000006cb900000, 0x000000076af80000)
  object space 175104K, 0% used [0x00000006c0e00000,0x00000006c0e92470,0x00000006cb900000)
 Metaspace       used 20273K, capacity 21140K, committed 21248K, reserved 1067008K
  class space    used 2530K, capacity 2722K, committed 2816K, reserved 1048576K
Event: 1.869 GC heap after
Heap after GC invocations=3 (full 0):
 PSYoungGen      total 76288K, used 5589K [0x000000076af80000, 0x0000000774480000, 0x00000007c0000000)
  eden space 65536K, 0% used [0x000000076af80000,0x000000076af80000,0x000000076ef80000)
  from space 10752K, 51% used [0x000000076ef80000,0x000000076f4f5648,0x000000076fa00000)
  to   space 10752K, 0% used [0x0000000773a00000,0x0000000773a00000,0x0000000774480000)
 ParOldGen       total 175104K, used 593K [0x00000006c0e00000, 0x00000006cb900000, 0x000000076af80000)
  object space 175104K, 0% used [0x00000006c0e00000,0x00000006c0e94470,0x00000006cb900000)
 Metaspace       used 20273K, capacity 21140K, committed 21248K, reserved 1067008K
  class space    used 2530K, capacity 2722K, committed 2816K, reserved 1048576K
}
Event: 1.869 GC heap before
{Heap before GC invocations=4 (full 1):
 PSYoungGen      total 76288K, used 5589K [0x000000076af80000, 0x0000000774480000, 0x00000007c0000000)
  eden space 65536K, 0% used [0x000000076af80000,0x000000076af80000,0x000000076ef80000)
  from space 10752K, 51% used [0x000000076ef80000,0x000000076f4f5648,0x000000076fa00000)
  to   space 10752K, 0% used [0x0000000773a00000,0x0000000773a00000,0x0000000774480000)
 ParOldGen       total 175104K, used 593K [0x00000006c0e00000, 0x00000006cb900000, 0x000000076af80000)
  object space 175104K, 0% used [0x00000006c0e00000,0x00000006c0e94470,0x00000006cb900000)
 Metaspace       used 20273K, capacity 21140K, committed 21248K, reserved 1067008K
  class space    used 2530K, capacity 2722K, committed 2816K, reserved 1048576K
Event: 1.908 GC heap after
Heap after GC invocations=4 (full 1):
 PSYoungGen      total 76288K, used 0K [0x000000076af80000, 0x0000000774480000, 0x00000007c0000000)
  eden space 65536K, 0% used [0x000000076af80000,0x000000076af80000,0x000000076ef80000)
  from space 10752K, 0% used [0x000000076ef80000,0x000000076ef80000,0x000000076fa00000)
  to   space 10752K, 0% used [0x0000000773a00000,0x0000000773a00000,0x0000000774480000)
 ParOldGen       total 84992K, used 5510K [0x00000006c0e00000, 0x00000006c6100000, 0x000000076af80000)
  object space 84992K, 6% used [0x00000006c0e00000,0x00000006c1361948,0x00000006c6100000)
 Metaspace       used 20273K, capacity 21140K, committed 21248K, reserved 1067008K
  class space    used 2530K, capacity 2722K, committed 2816K, reserved 1048576K
}
Event: 3.206 GC heap before
{Heap before GC invocations=5 (full 1):
 PSYoungGen      total 76288K, used 65536K [0x000000076af80000, 0x0000000774480000, 0x00000007c0000000)
  eden space 65536K, 100% used [0x000000076af80000,0x000000076ef80000,0x000000076ef80000)
  from space 10752K, 0% used [0x000000076ef80000,0x000000076ef80000,0x000000076fa00000)
  to   space 10752K, 0% used [0x0000000773a00000,0x0000000773a00000,0x0000000774480000)
 ParOldGen       total 84992K, used 5510K [0x00000006c0e00000, 0x00000006c6100000, 0x000000076af80000)
  object space 84992K, 6% used [0x00000006c0e00000,0x00000006c1361948,0x00000006c6100000)
 Metaspace       used 27172K, capacity 28848K, committed 29184K, reserved 1075200K
  class space    used 3467K, capacity 3776K, committed 3840K, reserved 1048576K
Event: 3.217 GC heap after
Heap after GC invocations=5 (full 1):
 PSYoungGen      total 124416K, used 8656K [0x000000076af80000, 0x0000000774280000, 0x00000007c0000000)
  eden space 115712K, 0% used [0x000000076af80000,0x000000076af80000,0x0000000772080000)
  from space 8704K, 99% used [0x0000000773a00000,0x0000000774274228,0x0000000774280000)
  to   space 10752K, 0% used [0x0000000772d80000,0x0000000772d80000,0x0000000773800000)
 ParOldGen       total 84992K, used 5518K [0x00000006c0e00000, 0x00000006c6100000, 0x000000076af80000)
  object space 84992K, 6% used [0x00000006c0e00000,0x00000006c1363948,0x00000006c6100000)
 Metaspace       used 27172K, capacity 28848K, committed 29184K, reserved 1075200K
  class space    used 3467K, capacity 3776K, committed 3840K, reserved 1048576K
}
Event: 3.988 GC heap before
{Heap before GC invocations=6 (full 1):
 PSYoungGen      total 124416K, used 62793K [0x000000076af80000, 0x0000000774280000, 0x00000007c0000000)
  eden space 115712K, 46% used [0x000000076af80000,0x000000076e45e488,0x0000000772080000)
  from space 8704K, 99% used [0x0000000773a00000,0x0000000774274228,0x0000000774280000)
  to   space 10752K, 0% used [0x0000000772d80000,0x0000000772d80000,0x0000000773800000)
 ParOldGen       total 84992K, used 5518K [0x00000006c0e00000, 0x00000006c6100000, 0x000000076af80000)
  object space 84992K, 6% used [0x00000006c0e00000,0x00000006c1363948,0x00000006c6100000)
 Metaspace       used 33293K, capacity 35274K, committed 35416K, reserved 1079296K
  class space    used 4288K, capacity 4656K, committed 4736K, reserved 1048576K
Event: 3.998 GC heap after
Heap after GC invocations=6 (full 1):
 PSYoungGen      total 126464K, used 9115K [0x000000076af80000, 0x0000000774280000, 0x00000007c0000000)
  eden space 115712K, 0% used [0x000000076af80000,0x000000076af80000,0x0000000772080000)
  from space 10752K, 84% used [0x0000000772d80000,0x0000000773666c38,0x0000000773800000)
  to   space 8704K, 0% used [0x0000000773a00000,0x0000000773a00000,0x0000000774280000)
 ParOldGen       total 84992K, used 5590K [0x00000006c0e00000, 0x00000006c6100000, 0x000000076af80000)
  object space 84992K, 6% used [0x00000006c0e00000,0x00000006c1375958,0x00000006c6100000)
 Metaspace       used 33293K, capacity 35274K, committed 35416K, reserved 1079296K
  class space    used 4288K, capacity 4656K, committed 4736K, reserved 1048576K
}
Event: 3.998 GC heap before
{Heap before GC invocations=7 (full 2):
 PSYoungGen      total 126464K, used 9115K [0x000000076af80000, 0x0000000774280000, 0x00000007c0000000)
  eden space 115712K, 0% used [0x000000076af80000,0x000000076af80000,0x0000000772080000)
  from space 10752K, 84% used [0x0000000772d80000,0x0000000773666c38,0x0000000773800000)
  to   space 8704K, 0% used [0x0000000773a00000,0x0000000773a00000,0x0000000774280000)
 ParOldGen       total 84992K, used 5590K [0x00000006c0e00000, 0x00000006c6100000, 0x000000076af80000)
  object space 84992K, 6% used [0x00000006c0e00000,0x00000006c1375958,0x00000006c6100000)
 Metaspace       used 33293K, capacity 35274K, committed 35416K, reserved 1079296K
  class space    used 4288K, capacity 4656K, committed 4736K, reserved 1048576K
Event: 4.070 GC heap after
Heap after GC invocations=7 (full 2):
 PSYoungGen      total 126464K, used 0K [0x000000076af80000, 0x0000000774280000, 0x00000007c0000000)
  eden space 115712K, 0% used [0x000000076af80000,0x000000076af80000,0x0000000772080000)
  from space 10752K, 0% used [0x0000000772d80000,0x0000000772d80000,0x0000000773800000)
  to   space 8704K, 0% used [0x0000000773a00000,0x0000000773a00000,0x0000000774280000)
 ParOldGen       total 119296K, used 13603K [0x00000006c0e00000, 0x00000006c8280000, 0x000000076af80000)
  object space 119296K, 11% used [0x00000006c0e00000,0x00000006c1b48f40,0x00000006c8280000)
 Metaspace       used 33293K, capacity 35274K, committed 35416K, reserved 1079296K
  class space    used 4288K, capacity 4656K, committed 4736K, reserved 1048576K
}

Deoptimization events (10 events):
Event: 3.974 Thread 0x00000000029e4800 Uncommon trap: reason=null_check action=make_not_entrant pc=0x00000000035f20dc method=java.util.AbstractCollection.toArray([Ljava/lang/Object;)[Ljava/lang/Object; @ 119
Event: 3.985 Thread 0x00000000029e4800 Uncommon trap: reason=unstable_if action=reinterpret pc=0x00000000034619a0 method=java.net.URI.match(CJJ)Z @ 45
Event: 4.093 Thread 0x00000000029e4800 Uncommon trap: reason=unstable_if action=reinterpret pc=0x0000000002d8a9d0 method=java.lang.AbstractStringBuilder.append(Ljava/lang/String;)Ljava/lang/AbstractStringBuilder; @ 1
Event: 4.138 Thread 0x00000000029e4800 Uncommon trap: reason=unstable_if action=reinterpret pc=0x000000000328577c method=java.util.concurrent.ConcurrentHashMap.transfer([Ljava/util/concurrent/ConcurrentHashMap$Node;[Ljava/util/concurrent/ConcurrentHashMap$Node;)V @ 356
Event: 4.138 Thread 0x00000000029e4800 Uncommon trap: reason=unstable_if action=reinterpret pc=0x0000000003009e74 method=java.util.concurrent.ConcurrentHashMap.transfer([Ljava/util/concurrent/ConcurrentHashMap$Node;[Ljava/util/concurrent/ConcurrentHashMap$Node;)V @ 356
Event: 4.143 Thread 0x00000000029e4800 Uncommon trap: reason=class_check action=maybe_recompile pc=0x000000000354bcb8 method=org.springframework.beans.factory.support.AbstractBeanFactory.isTypeMatch(Ljava/lang/String;Lorg/springframework/core/ResolvableType;Z)Z @ 53
Event: 4.143 Thread 0x00000000029e4800 Uncommon trap: reason=class_check action=maybe_recompile pc=0x000000000354bcb8 method=org.springframework.beans.factory.support.AbstractBeanFactory.isTypeMatch(Ljava/lang/String;Lorg/springframework/core/ResolvableType;Z)Z @ 53
Event: 4.165 Thread 0x00000000029e4800 Uncommon trap: reason=class_check action=maybe_recompile pc=0x000000000354bcb8 method=org.springframework.beans.factory.support.AbstractBeanFactory.isTypeMatch(Ljava/lang/String;Lorg/springframework/core/ResolvableType;Z)Z @ 53
Event: 4.165 Thread 0x00000000029e4800 Uncommon trap: reason=class_check action=maybe_recompile pc=0x000000000354bcb8 method=org.springframework.beans.factory.support.AbstractBeanFactory.isTypeMatch(Ljava/lang/String;Lorg/springframework/core/ResolvableType;Z)Z @ 53
Event: 4.237 Thread 0x00000000029e4800 Uncommon trap: reason=unstable_if action=reinterpret pc=0x000000000366b3c0 method=org.springframework.core.annotation.AnnotationsScanner.processClassHierarchy(Ljava/lang/Object;[ILjava/lang/Class;Lorg/springframework/core/annotation/AnnotationsProcessor;Z

Classes redefined (0 events):
No events

Internal exceptions (10 events):
Event: 3.728 Thread 0x00000000029e4800 Exception <a 'java/lang/ClassNotFoundException': org/springframework/web/context/ServletContextAwareCustomizer> (0x000000076ce5ba10) thrown at [C:\re\workspace\8-2-build-windows-amd64-cygwin\jdk8u211\12973\hotspot\src\share\vm\classfile\systemDictionary.c
Event: 3.728 Thread 0x00000000029e4800 Exception <a 'java/lang/ClassNotFoundException': org/springframework/beans/factory/AwareCustomizer> (0x000000076ce6a928) thrown at [C:\re\workspace\8-2-build-windows-amd64-cygwin\jdk8u211\12973\hotspot\src\share\vm\classfile\systemDictionary.cpp, line 210
Event: 3.974 Thread 0x00000000029e4800 Implicit null exception at 0x00000000035f1fb9 to 0x00000000035f20d1
Event: 4.093 Thread 0x00000000029e4800 Implicit null exception at 0x0000000002d8a616 to 0x0000000002d8a9b9
Event: 4.159 Thread 0x00000000029e4800 Exception <a 'java/lang/ClassNotFoundException': java/lang/ObjectCustomizer> (0x000000076b8e73a8) thrown at [C:\re\workspace\8-2-build-windows-amd64-cygwin\jdk8u211\12973\hotspot\src\share\vm\classfile\systemDictionary.cpp, line 210]
Event: 4.160 Thread 0x00000000029e4800 Exception <a 'java/lang/ClassNotFoundException': org/springframework/security/config/annotation/web/configuration/WebSecurityConfigurationCustomizer> (0x000000076b902188) thrown at [C:\re\workspace\8-2-build-windows-amd64-cygwin\jdk8u211\12973\hotspot\src
Event: 4.162 Thread 0x00000000029e4800 Exception <a 'java/lang/ClassNotFoundException': org/springframework/context/annotation/ImportAwareCustomizer> (0x000000076b920e68) thrown at [C:\re\workspace\8-2-build-windows-amd64-cygwin\jdk8u211\12973\hotspot\src\share\vm\classfile\systemDictionary.cp
Event: 4.163 Thread 0x00000000029e4800 Exception <a 'java/lang/ClassNotFoundException': org/springframework/beans/factory/AwareCustomizer> (0x000000076b92fb40) thrown at [C:\re\workspace\8-2-build-windows-amd64-cygwin\jdk8u211\12973\hotspot\src\share\vm\classfile\systemDictionary.cpp, line 210
Event: 4.163 Thread 0x00000000029e4800 Exception <a 'java/lang/ClassNotFoundException': org/springframework/beans/factory/BeanClassLoaderAwareCustomizer> (0x000000076b940180) thrown at [C:\re\workspace\8-2-build-windows-amd64-cygwin\jdk8u211\12973\hotspot\src\share\vm\classfile\systemDictionar
Event: 4.163 Thread 0x00000000029e4800 Exception <a 'java/lang/ClassNotFoundException': org/springframework/beans/factory/AwareCustomizer> (0x000000076b94ee38) thrown at [C:\re\workspace\8-2-build-windows-amd64-cygwin\jdk8u211\12973\hotspot\src\share\vm\classfile\systemDictionary.cpp, line 210

Events (10 events):
Event: 4.246 loading class org/springframework/security/config/annotation/web/configurers/SessionManagementConfigurer
Event: 4.246 loading class org/springframework/security/config/annotation/web/configurers/SessionManagementConfigurer done
Event: 4.246 loading class org/springframework/security/config/annotation/web/configurers/ExceptionHandlingConfigurer
Event: 4.246 loading class org/springframework/security/config/annotation/web/configurers/ExceptionHandlingConfigurer done
Event: 4.247 loading class org/springframework/security/config/annotation/web/configurers/AuthorizeHttpRequestsConfigurer
Event: 4.247 loading class org/springframework/security/config/annotation/web/configurers/AuthorizeHttpRequestsConfigurer done
Event: 4.247 loading class org/springframework/security/config/annotation/web/configurers/saml2/Saml2LoginConfigurer
Event: 4.247 loading class org/springframework/security/config/annotation/web/configurers/saml2/Saml2LoginConfigurer done
Event: 4.247 loading class org/springframework/security/config/annotation/web/configurers/AbstractAuthenticationFilterConfigurer
Event: 4.247 loading class org/springframework/security/config/annotation/web/configurers/AbstractAuthenticationFilterConfigurer done


Dynamic libraries:
0x00007ff707240000 - 0x00007ff707277000 	C:\Program Files\Java\jdk1.8.0_211\bin\java.exe
0x00007ffd5a030000 - 0x00007ffd5a225000 	C:\WINDOWS\SYSTEM32\ntdll.dll
0x00007ffd58540000 - 0x00007ffd585fd000 	C:\WINDOWS\System32\KERNEL32.DLL
0x00007ffd57b40000 - 0x00007ffd57e0d000 	C:\WINDOWS\System32\KERNELBASE.dll
0x00007ffd59050000 - 0x00007ffd590fe000 	C:\WINDOWS\System32\ADVAPI32.dll
0x00007ffd59ee0000 - 0x00007ffd59f7e000 	C:\WINDOWS\System32\msvcrt.dll
0x00007ffd58ce0000 - 0x00007ffd58d7c000 	C:\WINDOWS\System32\sechost.dll
0x00007ffd58f20000 - 0x00007ffd59045000 	C:\WINDOWS\System32\RPCRT4.dll
0x00007ffd58d80000 - 0x00007ffd58f20000 	C:\WINDOWS\System32\USER32.dll
0x00007ffd57b10000 - 0x00007ffd57b32000 	C:\WINDOWS\System32\win32u.dll
0x00007ffd59c60000 - 0x00007ffd59c8a000 	C:\WINDOWS\System32\GDI32.dll
0x00007ffd57790000 - 0x00007ffd5789b000 	C:\WINDOWS\System32\gdi32full.dll
0x00007ffd57f70000 - 0x00007ffd5800d000 	C:\WINDOWS\System32\msvcp_win.dll
0x00007ffd57980000 - 0x00007ffd57a80000 	C:\WINDOWS\System32\ucrtbase.dll
0x00007ffd43690000 - 0x00007ffd4392a000 	C:\WINDOWS\WinSxS\amd64_microsoft.windows.common-controls_6595b64144ccf1df_6.0.19041.1110_none_60b5254171f9507e\COMCTL32.dll
0x00007ffd59eb0000 - 0x00007ffd59ee0000 	C:\WINDOWS\System32\IMM32.DLL
0x000000006e870000 - 0x000000006e942000 	C:\Program Files\Java\jdk1.8.0_211\jre\bin\msvcr100.dll
0x000000006da70000 - 0x000000006e315000 	C:\Program Files\Java\jdk1.8.0_211\jre\bin\server\jvm.dll
0x00007ffd59d50000 - 0x00007ffd59d58000 	C:\WINDOWS\System32\PSAPI.DLL
0x00007ffd2b3d0000 - 0x00007ffd2b3d9000 	C:\WINDOWS\SYSTEM32\WSOCK32.dll
0x00007ffd59f80000 - 0x00007ffd59feb000 	C:\WINDOWS\System32\WS2_32.dll
0x00007ffd4ae10000 - 0x00007ffd4ae37000 	C:\WINDOWS\SYSTEM32\WINMM.dll
0x00007ffd53680000 - 0x00007ffd5368a000 	C:\WINDOWS\SYSTEM32\VERSION.dll
0x00007ffd543b0000 - 0x00007ffd543bf000 	C:\Program Files\Java\jdk1.8.0_211\jre\bin\verify.dll
0x00007ffd38c00000 - 0x00007ffd38c29000 	C:\Program Files\Java\jdk1.8.0_211\jre\bin\java.dll
0x00007ffd29be0000 - 0x00007ffd29c03000 	C:\Program Files\Java\jdk1.8.0_211\jre\bin\instrument.dll
0x00007ffd43f80000 - 0x00007ffd43f96000 	C:\Program Files\Java\jdk1.8.0_211\jre\bin\zip.dll
0x00007ffd592b0000 - 0x00007ffd599f4000 	C:\WINDOWS\System32\SHELL32.dll
0x00007ffd55800000 - 0x00007ffd55f94000 	C:\WINDOWS\SYSTEM32\windows.storage.dll
0x00007ffd58080000 - 0x00007ffd583d4000 	C:\WINDOWS\System32\combase.dll
0x00007ffd570c0000 - 0x00007ffd570ec000 	C:\WINDOWS\SYSTEM32\Wldp.dll
0x00007ffd583e0000 - 0x00007ffd5848d000 	C:\WINDOWS\System32\SHCORE.dll
0x00007ffd59c90000 - 0x00007ffd59ce5000 	C:\WINDOWS\System32\shlwapi.dll
0x00007ffd57680000 - 0x00007ffd5769f000 	C:\WINDOWS\SYSTEM32\profapi.dll
0x00007ffd2ae00000 - 0x00007ffd2ae1a000 	C:\Program Files\JetBrains\IntelliJ IDEA Community Edition 2020.2.3\bin\breakgen64.dll
0x00007ffd38be0000 - 0x00007ffd38bfa000 	C:\Program Files\Java\jdk1.8.0_211\jre\bin\net.dll
0x00007ffd43280000 - 0x00007ffd4346c000 	C:\WINDOWS\SYSTEM32\urlmon.dll
0x00007ffd47560000 - 0x00007ffd47811000 	C:\WINDOWS\SYSTEM32\iertutil.dll
0x00007ffd43180000 - 0x00007ffd431a8000 	C:\WINDOWS\SYSTEM32\srvcli.dll
0x00007ffd56cc0000 - 0x00007ffd56ccc000 	C:\WINDOWS\SYSTEM32\netutils.dll
0x00007ffd56ea0000 - 0x00007ffd56f0a000 	C:\WINDOWS\system32\mswsock.dll
0x00007ffd43e90000 - 0x00007ffd43e9d000 	C:\Program Files\Java\jdk1.8.0_211\jre\bin\management.dll
0x00007ffd3dfc0000 - 0x00007ffd3dfd7000 	C:\WINDOWS\system32\napinsp.dll
0x00007ffd3e430000 - 0x00007ffd3e44b000 	C:\WINDOWS\system32\pnrpnsp.dll
0x00007ffd4c9e0000 - 0x00007ffd4c9f5000 	C:\WINDOWS\system32\wshbth.dll
0x00007ffd52e60000 - 0x00007ffd52e7d000 	C:\WINDOWS\system32\NLAapi.dll
0x00007ffd56b60000 - 0x00007ffd56b9b000 	C:\WINDOWS\SYSTEM32\IPHLPAPI.DLL
0x00007ffd56bf0000 - 0x00007ffd56cbb000 	C:\WINDOWS\SYSTEM32\DNSAPI.dll
0x00007ffd59100000 - 0x00007ffd59108000 	C:\WINDOWS\System32\NSI.dll
0x00007ffd4ca00000 - 0x00007ffd4ca12000 	C:\WINDOWS\System32\winrnr.dll
0x00007ffd4fb10000 - 0x00007ffd4fb1a000 	C:\Windows\System32\rasadhlp.dll
0x00007ffd4e0e0000 - 0x00007ffd4e160000 	C:\WINDOWS\System32\fwpuclnt.dll
0x00007ffd578a0000 - 0x00007ffd578c7000 	C:\WINDOWS\System32\bcrypt.dll
0x00007ffd2e370000 - 0x00007ffd2e382000 	C:\Program Files\Java\jdk1.8.0_211\jre\bin\nio.dll
0x00007ffd57100000 - 0x00007ffd57118000 	C:\WINDOWS\SYSTEM32\CRYPTSP.dll
0x00007ffd56770000 - 0x00007ffd567a4000 	C:\WINDOWS\system32\rsaenh.dll
0x00007ffd57640000 - 0x00007ffd5766e000 	C:\WINDOWS\SYSTEM32\USERENV.dll
0x00007ffd57a80000 - 0x00007ffd57b02000 	C:\WINDOWS\System32\bcryptprimitives.dll
0x00007ffd57030000 - 0x00007ffd5703c000 	C:\WINDOWS\SYSTEM32\CRYPTBASE.dll
0x00007ffd51d60000 - 0x00007ffd51d77000 	C:\WINDOWS\SYSTEM32\dhcpcsvc6.DLL
0x00007ffd51e30000 - 0x00007ffd51e4d000 	C:\WINDOWS\SYSTEM32\dhcpcsvc.DLL
0x00007ffd29bb0000 - 0x00007ffd29bd4000 	C:\Program Files\Java\jdk1.8.0_211\jre\bin\sunec.dll
0x00007ffd38c30000 - 0x00007ffd38c3b000 	C:\Program Files\Java\jdk1.8.0_211\jre\bin\sunmscapi.dll
0x00007ffd57e10000 - 0x00007ffd57f66000 	C:\WINDOWS\System32\CRYPT32.dll
0x00007ffd38920000 - 0x00007ffd38929000 	C:\Program Files\Java\jdk1.8.0_211\jre\bin\attach.dll

VM Arguments:
jvm_args: -javaagent:C:\Program Files\JetBrains\IntelliJ IDEA Community Edition 2020.2.3\lib\idea_rt.jar=54798:C:\Program Files\JetBrains\IntelliJ IDEA Community Edition 2020.2.3\bin -Dfile.encoding=UTF-8 
java_command: com.nosqldb.readserver.ReadserverApplication
java_class_path (initial): C:\Program Files\Java\jdk1.8.0_211\jre\lib\charsets.jar;C:\Program Files\Java\jdk1.8.0_211\jre\lib\deploy.jar;C:\Program Files\Java\jdk1.8.0_211\jre\lib\ext\access-bridge-64.jar;C:\Program Files\Java\jdk1.8.0_211\jre\lib\ext\cldrdata.jar;C:\Program Files\Java\jdk1.8.0_211\jre\lib\ext\dnsns.jar;C:\Program Files\Java\jdk1.8.0_211\jre\lib\ext\jaccess.jar;C:\Program Files\Java\jdk1.8.0_211\jre\lib\ext\jfxrt.jar;C:\Program Files\Java\jdk1.8.0_211\jre\lib\ext\localedata.jar;C:\Program Files\Java\jdk1.8.0_211\jre\lib\ext\nashorn.jar;C:\Program Files\Java\jdk1.8.0_211\jre\lib\ext\sunec.jar;C:\Program Files\Java\jdk1.8.0_211\jre\lib\ext\sunjce_provider.jar;C:\Program Files\Java\jdk1.8.0_211\jre\lib\ext\sunmscapi.jar;C:\Program Files\Java\jdk1.8.0_211\jre\lib\ext\sunpkcs11.jar;C:\Program Files\Java\jdk1.8.0_211\jre\lib\ext\zipfs.jar;C:\Program Files\Java\jdk1.8.0_211\jre\lib\javaws.jar;C:\Program Files\Java\jdk1.8.0_211\jre\lib\jce.jar;C:\Program Files\Java\jdk1.8.0_211\jre\lib\jfr.jar;C:\Program Files\Java\jdk1.8.0_211\jre\lib\jfxswt.jar;C:\Program Files\Java\jdk1.8.0_211\jre\lib\jsse.jar;C:\Program Files\Java\jdk1.8.0_211\jre\lib\management-agent.jar;C:\Program Files\Java\jdk1.8.0_211\jre\lib\plugin.jar;C:\Program Files\Java\jdk1.8.0_211\jre\lib\resources.jar;C:\Program Files\Java\jdk1.8.0_211\jre\lib\rt.jar;C:\Users\awsab\IdeaProjects\finalProject\readserver\target\classes;C:\Users\awsab\.m2\repository\org\springframework\boot\spring-boot-starter-web\2.6.7\spring-boot-starter-web-2.6.7.jar;C:\Users\awsab\.m2\repository\org\springframework\boot\spring-boot-starter\2.6.7\spring-boot-starter-2.6.7.jar;C:\Users\awsab\.m2\repository\org\springframework\boot\spring-boot\2.6.7\spring-boot-2.6.7.jar;C:\Users\awsab\.m2\repository\org\springframework\boot\spring-boot-autoconfigure\2.6.7\spring-boot-autoconfigure-2.6.7.jar;C:\Users\awsab\.m2\repository\org\springframework\boot\spring-boot-starter-logging\2.6.7\spring-boot-starter-logging-2.6.7.jar;C:\User
Launcher Type: SUN_STANDARD

Environment Variables:
PATH=C:\Program Files\Common Files\Oracle\Java\javapath;C:\Program Files (x86)\Common Files\Oracle\Java\javapath;C:\Windows\system32;C:\Windows;C:\Windows\System32\Wbem;C:\Windows\System32\WindowsPowerShell\v1.0\;C:\Windows\System32\OpenSSH\;C:\Program Files\dotnet\;C:\SH;C:\Program Files\NVIDIA Corporation\NVIDIA NvDLISR;C:\Program Files (x86)\NVIDIA Corporation\PhysX\Common;C:\Program Files (x86)\Windows Live\Shared;C:\Program Files (x86)\ZeroTier\One\;C:\WINDOWS\system32;C:\WINDOWS;C:\WINDOWS\System32\Wbem;C:\WINDOWS\System32\WindowsPowerShell\v1.0\;C:\WINDOWS\System32\OpenSSH\;C:\Program Files\Git\cmd;C:\Program Files\Docker\Docker\resources\bin;C:\ProgramData\DockerDesktop\version-bin;C:\Users\awsab\AppData\Local\Microsoft\WindowsApps;C:\altera\13.0\modelsim_ase\win32aloem
USERNAME=awsab
OS=Windows_NT
PROCESSOR_IDENTIFIER=Intel64 Family 6 Model 158 Stepping 9, GenuineIntel



---------------  S Y S T E M  ---------------

OS: Windows 10.0 , 64 bit Build 19041 (10.0.19041.1706)

CPU:total 4 (initial active 4) (4 cores per cpu, 1 threads per core) family 6 model 158 stepping 9, cmov, cx8, fxsr, mmx, sse, sse2, sse3, ssse3, sse4.1, sse4.2, popcnt, avx, avx2, aes, clmul, erms, 3dnowpref, lzcnt, tsc, tscinvbit, bmi1, bmi2, adx

Memory: 4k page, physical 16712364k(3808620k free), swap 25100972k(4332k free)

vm_info: Java HotSpot(TM) 64-Bit Server VM (25.211-b12) for windows-amd64 JRE (1.8.0_211-b12), built on Apr  1 2019 20:53:26 by "java_re" with MS VC++ 10.0 (VS2010)

time: Wed Jun 01 09:15:00 2022
timezone: Jordan Daylight Time
elapsed time: 4 seconds (0d 0h 0m 4s)

